# JRE version: OpenJDK Runtime Environment (18.0.1.1+2) (build 18.0.1.1+2-6)
# Java VM: OpenJDK 64-Bit Server VM (18.0.1.1+2-6, mixed mode, emulated-client, sharing, tiered, compressed oops, compressed class ptrs, g1 gc, bsd-aarch64)
GC Precious Log:
 CardTable entry size: 512
 Card Set container configuration: InlinePtr #cards 5 size 8 Array Of Cards #cards 12 size 40 Howl #buckets 4 coarsen threshold 1843 Howl Bitmap #cards 512 size 80 coarsen threshold 460 Card regions per heap region 1 cards per card region 2048
 CPUs: 8 total, 8 available
 Memory: 8192M
 Large Page Support: Disabled
 NUMA Support: Disabled
 Compressed Oops: Enabled (Zero based)
 Heap Region Size: 1M
 Heap Min Capacity: 8M
 Heap Initial Capacity: 128M
 Heap Max Capacity: 2G
 Pre-touch: Disabled
 Parallel Workers: 8
 Concurrent Workers: 2
 Concurrent Refinement Workers: 8
 Periodic GC: Disabled
Heap:
 garbage-first heap   total 78848K, used 46188K [0x0000000780000000, 0x0000000800000000)
  region size 1024K, 30 young (30720K), 3 survivors (3072K)
 Metaspace       used 41919K, committed 42432K, reserved 1114112K
  class space    used 5958K, committed 6208K, reserved 1048576K
GC Heap History (12 events):
Event: 0.994 GC heap before
{Heap before GC invocations=0 (full 0):
 garbage-first heap   total 133120K, used 24480K [0x0000000780000000, 0x0000000800000000)
  region size 1024K, 23 young (23552K), 0 survivors (0K)
 Metaspace       used 8117K, committed 8320K, reserved 1114112K
  class space    used 960K, committed 1024K, reserved 1048576K
}
Event: 1.039 GC heap after
{Heap after GC invocations=1 (full 0):
 garbage-first heap   total 133120K, used 8336K [0x0000000780000000, 0x0000000800000000)
  region size 1024K, 3 young (3072K), 3 survivors (3072K)
 Metaspace       used 8117K, committed 8320K, reserved 1114112K
  class space    used 960K, committed 1024K, reserved 1048576K
}
Event: 1.410 GC heap before
{Heap before GC invocations=1 (full 0):
 garbage-first heap   total 133120K, used 30864K [0x0000000780000000, 0x0000000800000000)
  region size 1024K, 25 young (25600K), 3 survivors (3072K)
 Metaspace       used 12600K, committed 12928K, reserved 1114112K
  class space    used 1653K, committed 1792K, reserved 1048576K
}
Event: 1.416 GC heap after
{Heap after GC invocations=2 (full 0):
 garbage-first heap   total 133120K, used 10252K [0x0000000780000000, 0x0000000800000000)
  region size 1024K, 2 young (2048K), 2 survivors (2048K)
 Metaspace       used 12600K, committed 12928K, reserved 1114112K
  class space    used 1653K, committed 1792K, reserved 1048576K
}
Event: 2.243 GC heap before
{Heap before GC invocations=2 (full 0):
 garbage-first heap   total 133120K, used 57356K [0x0000000780000000, 0x0000000800000000)
  region size 1024K, 49 young (50176K), 2 survivors (2048K)
 Metaspace       used 21127K, committed 21504K, reserved 1114112K
  class space    used 2872K, committed 3072K, reserved 1048576K
}
Event: 2.280 GC heap after
{Heap after GC invocations=3 (full 0):
 garbage-first heap   total 133120K, used 13796K [0x0000000780000000, 0x0000000800000000)
  region size 1024K, 6 young (6144K), 6 survivors (6144K)
 Metaspace       used 21127K, committed 21504K, reserved 1114112K
  class space    used 2872K, committed 3072K, reserved 1048576K
}
Event: 3.094 GC heap before
{Heap before GC invocations=4 (full 0):
 garbage-first heap   total 58368K, used 42468K [0x0000000780000000, 0x0000000800000000)
  region size 1024K, 34 young (34816K), 6 survivors (6144K)
 Metaspace       used 29293K, committed 29632K, reserved 1114112K
  class space    used 3954K, committed 4096K, reserved 1048576K
}
Event: 3.108 GC heap after
{Heap after GC invocations=5 (full 0):
 garbage-first heap   total 58368K, used 16830K [0x0000000780000000, 0x0000000800000000)
  region size 1024K, 4 young (4096K), 4 survivors (4096K)
 Metaspace       used 29293K, committed 29632K, reserved 1114112K
  class space    used 3954K, committed 4096K, reserved 1048576K
}
Event: 3.124 GC heap before
{Heap before GC invocations=5 (full 0):
 garbage-first heap   total 58368K, used 17854K [0x0000000780000000, 0x0000000800000000)
  region size 1024K, 5 young (5120K), 4 survivors (4096K)
 Metaspace       used 29608K, committed 29952K, reserved 1114112K
  class space    used 4005K, committed 4160K, reserved 1048576K
}
Event: 3.128 GC heap after
{Heap after GC invocations=6 (full 0):
 garbage-first heap   total 94208K, used 17036K [0x0000000780000000, 0x0000000800000000)
  region size 1024K, 1 young (1024K), 1 survivors (1024K)
 Metaspace       used 29608K, committed 29952K, reserved 1114112K
  class space    used 4005K, committed 4160K, reserved 1048576K
}
Event: 3.707 GC heap before
{Heap before GC invocations=6 (full 0):
 garbage-first heap   total 94208K, used 48780K [0x0000000780000000, 0x0000000800000000)
  region size 1024K, 34 young (34816K), 1 survivors (1024K)
 Metaspace       used 35666K, committed 36096K, reserved 1114112K
  class space    used 4949K, committed 5184K, reserved 1048576K
}
Event: 3.724 GC heap after
{Heap after GC invocations=7 (full 0):
 garbage-first heap   total 94208K, used 18540K [0x0000000780000000, 0x0000000800000000)
  region size 1024K, 3 young (3072K), 3 survivors (3072K)
 Metaspace       used 35666K, committed 36096K, reserved 1114112K
  class space    used 4949K, committed 5184K, reserved 1048576K
}

