# JRE version: OpenJDK Runtime Environment (18.0.1.1+2) (build 18.0.1.1+2-6)
# Java VM: OpenJDK 64-Bit Server VM (18.0.1.1+2-6, mixed mode, emulated-client, sharing, tiered, compressed oops, compressed class ptrs, g1 gc, bsd-aarch64)
GC Precious Log:
 CardTable entry size: 512
 Card Set container configuration: InlinePtr #cards 5 size 8 Array Of Cards #cards 12 size 40 Howl #buckets 4 coarsen threshold 1843 Howl Bitmap #cards 512 size 80 coarsen threshold 460 Card regions per heap region 1 cards per card region 2048
 CPUs: 8 total, 8 available
 Memory: 8192M
 Large Page Support: Disabled
 NUMA Support: Disabled
 Compressed Oops: Enabled (Zero based)
 Heap Region Size: 1M
 Heap Min Capacity: 8M
 Heap Initial Capacity: 128M
 Heap Max Capacity: 2G
 Pre-touch: Disabled
 Parallel Workers: 8
 Concurrent Workers: 2
 Concurrent Refinement Workers: 8
 Periodic GC: Disabled
Heap:
 garbage-first heap   total 67584K, used 45207K [0x0000000780000000, 0x0000000800000000)
  region size 1024K, 28 young (28672K), 2 survivors (2048K)
 Metaspace       used 41784K, committed 42368K, reserved 1114112K
  class space    used 5945K, committed 6208K, reserved 1048576K
GC Heap History (10 events):
Event: 1.126 GC heap before
{Heap before GC invocations=0 (full 0):
 garbage-first heap   total 133120K, used 24480K [0x0000000780000000, 0x0000000800000000)
  region size 1024K, 23 young (23552K), 0 survivors (0K)
 Metaspace       used 8096K, committed 8384K, reserved 1114112K
  class space    used 950K, committed 1088K, reserved 1048576K
}
Event: 1.137 GC heap after
{Heap after GC invocations=1 (full 0):
 garbage-first heap   total 133120K, used 8879K [0x0000000780000000, 0x0000000800000000)
  region size 1024K, 3 young (3072K), 3 survivors (3072K)
 Metaspace       used 8096K, committed 8384K, reserved 1114112K
  class space    used 950K, committed 1088K, reserved 1048576K
}
Event: 1.428 GC heap before
{Heap before GC invocations=1 (full 0):
 garbage-first heap   total 133120K, used 38575K [0x0000000780000000, 0x0000000800000000)
  region size 1024K, 32 young (32768K), 3 survivors (3072K)
 Metaspace       used 14159K, committed 14464K, reserved 1114112K
  class space    used 1843K, committed 1984K, reserved 1048576K
}
Event: 1.431 GC heap after
{Heap after GC invocations=2 (full 0):
 garbage-first heap   total 133120K, used 11292K [0x0000000780000000, 0x0000000800000000)
  region size 1024K, 3 young (3072K), 3 survivors (3072K)
 Metaspace       used 14159K, committed 14464K, reserved 1114112K
  class space    used 1843K, committed 1984K, reserved 1048576K
}
Event: 1.909 GC heap before
{Heap before GC invocations=2 (full 0):
 garbage-first heap   total 133120K, used 51228K [0x0000000780000000, 0x0000000800000000)
  region size 1024K, 43 young (44032K), 3 survivors (3072K)
 Metaspace       used 21206K, committed 21504K, reserved 1114112K
  class space    used 2879K, committed 3008K, reserved 1048576K
}
Event: 1.915 GC heap after
{Heap after GC invocations=3 (full 0):
 garbage-first heap   total 133120K, used 13965K [0x0000000780000000, 0x0000000800000000)
  region size 1024K, 6 young (6144K), 6 survivors (6144K)
 Metaspace       used 21206K, committed 21504K, reserved 1114112K
  class space    used 2879K, committed 3008K, reserved 1048576K
}
Event: 2.629 GC heap before
{Heap before GC invocations=4 (full 0):
 garbage-first heap   total 58368K, used 55949K [0x0000000780000000, 0x0000000800000000)
  region size 1024K, 47 young (48128K), 6 survivors (6144K)
 Metaspace       used 31273K, committed 31616K, reserved 1114112K
  class space    used 4358K, committed 4544K, reserved 1048576K
}
Event: 2.647 GC heap after
{Heap after GC invocations=5 (full 0):
 garbage-first heap   total 67584K, used 17388K [0x0000000780000000, 0x0000000800000000)
  region size 1024K, 9 young (9216K), 9 survivors (9216K)
 Metaspace       used 31273K, committed 31616K, reserved 1114112K
  class space    used 4358K, committed 4544K, reserved 1048576K
}
Event: 9.949 GC heap before
{Heap before GC invocations=5 (full 0):
 garbage-first heap   total 67584K, used 38892K [0x0000000780000000, 0x0000000800000000)
  region size 1024K, 31 young (31744K), 9 survivors (9216K)
 Metaspace       used 35774K, committed 36160K, reserved 1114112K
  class space    used 4944K, committed 5120K, reserved 1048576K
}
Event: 9.956 GC heap after
{Heap after GC invocations=6 (full 0):
 garbage-first heap   total 67584K, used 18583K [0x0000000780000000, 0x0000000800000000)
  region size 1024K, 2 young (2048K), 2 survivors (2048K)
 Metaspace       used 35774K, committed 36160K, reserved 1114112K
  class space    used 4944K, committed 5120K, reserved 1048576K
}

