# JRE version: OpenJDK Runtime Environment (18.0.1.1+2) (build 18.0.1.1+2-6)
# Java VM: OpenJDK 64-Bit Server VM (18.0.1.1+2-6, mixed mode, emulated-client, sharing, tiered, compressed oops, compressed class ptrs, g1 gc, bsd-aarch64)
GC Precious Log:
 CardTable entry size: 512
 Card Set container configuration: InlinePtr #cards 5 size 8 Array Of Cards #cards 12 size 40 Howl #buckets 4 coarsen threshold 1843 Howl Bitmap #cards 512 size 80 coarsen threshold 460 Card regions per heap region 1 cards per card region 2048
 CPUs: 8 total, 8 available
 Memory: 8192M
 Large Page Support: Disabled
 NUMA Support: Disabled
 Compressed Oops: Enabled (Zero based)
 Heap Region Size: 1M
 Heap Min Capacity: 8M
 Heap Initial Capacity: 128M
 Heap Max Capacity: 2G
 Pre-touch: Disabled
 Parallel Workers: 8
 Concurrent Workers: 2
 Concurrent Refinement Workers: 8
 Periodic GC: Disabled
Heap:
 garbage-first heap   total 93184K, used 27747K [0x0000000780000000, 0x0000000800000000)
  region size 1024K, 9 young (9216K), 4 survivors (4096K)
 Metaspace       used 41880K, committed 42432K, reserved 1114112K
  class space    used 5952K, committed 6208K, reserved 1048576K
GC Heap History (16 events):
Event: 0.731 GC heap before
{Heap before GC invocations=0 (full 0):
 garbage-first heap   total 133120K, used 24480K [0x0000000780000000, 0x0000000800000000)
  region size 1024K, 23 young (23552K), 0 survivors (0K)
 Metaspace       used 8117K, committed 8320K, reserved 1114112K
  class space    used 960K, committed 1024K, reserved 1048576K
}
Event: 0.734 GC heap after
{Heap after GC invocations=1 (full 0):
 garbage-first heap   total 133120K, used 8738K [0x0000000780000000, 0x0000000800000000)
  region size 1024K, 3 young (3072K), 3 survivors (3072K)
 Metaspace       used 8117K, committed 8320K, reserved 1114112K
  class space    used 960K, committed 1024K, reserved 1048576K
}
Event: 1.055 GC heap before
{Heap before GC invocations=1 (full 0):
 garbage-first heap   total 133120K, used 39458K [0x0000000780000000, 0x0000000800000000)
  region size 1024K, 34 young (34816K), 3 survivors (3072K)
 Metaspace       used 13936K, committed 14208K, reserved 1114112K
  class space    used 1809K, committed 1920K, reserved 1048576K
}
Event: 1.063 GC heap after
{Heap after GC invocations=2 (full 0):
 garbage-first heap   total 133120K, used 11165K [0x0000000780000000, 0x0000000800000000)
  region size 1024K, 3 young (3072K), 3 survivors (3072K)
 Metaspace       used 13936K, committed 14208K, reserved 1114112K
  class space    used 1809K, committed 1920K, reserved 1048576K
}
Event: 1.520 GC heap before
{Heap before GC invocations=2 (full 0):
 garbage-first heap   total 133120K, used 48029K [0x0000000780000000, 0x0000000800000000)
  region size 1024K, 41 young (41984K), 3 survivors (3072K)
 Metaspace       used 21127K, committed 21504K, reserved 1114112K
  class space    used 2872K, committed 3072K, reserved 1048576K
}
Event: 1.526 GC heap after
{Heap after GC invocations=3 (full 0):
 garbage-first heap   total 133120K, used 13538K [0x0000000780000000, 0x0000000800000000)
  region size 1024K, 6 young (6144K), 6 survivors (6144K)
 Metaspace       used 21127K, committed 21504K, reserved 1114112K
  class space    used 2872K, committed 3072K, reserved 1048576K
}
Event: 2.007 GC heap before
{Heap before GC invocations=4 (full 0):
 garbage-first heap   total 58368K, used 41186K [0x0000000780000000, 0x0000000800000000)
  region size 1024K, 34 young (34816K), 6 survivors (6144K)
 Metaspace       used 29260K, committed 29696K, reserved 1114112K
  class space    used 3947K, committed 4160K, reserved 1048576K
}
Event: 2.019 GC heap after
{Heap after GC invocations=5 (full 0):
 garbage-first heap   total 58368K, used 16468K [0x0000000780000000, 0x0000000800000000)
  region size 1024K, 4 young (4096K), 4 survivors (4096K)
 Metaspace       used 29260K, committed 29696K, reserved 1114112K
  class space    used 3947K, committed 4160K, reserved 1048576K
}
Event: 2.033 GC heap before
{Heap before GC invocations=5 (full 0):
 garbage-first heap   total 58368K, used 17492K [0x0000000780000000, 0x0000000800000000)
  region size 1024K, 5 young (5120K), 4 survivors (4096K)
 Metaspace       used 29568K, committed 30016K, reserved 1114112K
  class space    used 3994K, committed 4224K, reserved 1048576K
}
Event: 2.036 GC heap after
{Heap after GC invocations=6 (full 0):
 garbage-first heap   total 58368K, used 17046K [0x0000000780000000, 0x0000000800000000)
  region size 1024K, 1 young (1024K), 1 survivors (1024K)
 Metaspace       used 29568K, committed 30016K, reserved 1114112K
  class space    used 3994K, committed 4224K, reserved 1048576K
}
Event: 2.380 GC heap before
{Heap before GC invocations=6 (full 0):
 garbage-first heap   total 58368K, used 38550K [0x0000000780000000, 0x0000000800000000)
  region size 1024K, 22 young (22528K), 1 survivors (1024K)
 Metaspace       used 33232K, committed 33664K, reserved 1114112K
  class space    used 4623K, committed 4864K, reserved 1048576K
}
Event: 2.382 GC heap after
{Heap after GC invocations=7 (full 0):
 garbage-first heap   total 58368K, used 17423K [0x0000000780000000, 0x0000000800000000)
  region size 1024K, 1 young (1024K), 1 survivors (1024K)
 Metaspace       used 33232K, committed 33664K, reserved 1114112K
  class space    used 4623K, committed 4864K, reserved 1048576K
}
Event: 2.570 GC heap before
{Heap before GC invocations=7 (full 0):
 garbage-first heap   total 58368K, used 28687K [0x0000000780000000, 0x0000000800000000)
  region size 1024K, 13 young (13312K), 1 survivors (1024K)
 Metaspace       used 35662K, committed 36096K, reserved 1114112K
  class space    used 4945K, committed 5120K, reserved 1048576K
}
Event: 2.573 GC heap after
{Heap after GC invocations=8 (full 0):
 garbage-first heap   total 58368K, used 18541K [0x0000000780000000, 0x0000000800000000)
  region size 1024K, 3 young (3072K), 3 survivors (3072K)
 Metaspace       used 35662K, committed 36096K, reserved 1114112K
  class space    used 4945K, committed 5120K, reserved 1048576K
}
Event: 3.035 GC heap before
{Heap before GC invocations=9 (full 0):
 garbage-first heap   total 58368K, used 41069K [0x0000000780000000, 0x0000000800000000)
  region size 1024K, 25 young (25600K), 3 survivors (3072K)
 Metaspace       used 40794K, committed 41344K, reserved 1114112K
  class space    used 5820K, committed 6080K, reserved 1048576K
}
Event: 3.057 GC heap after
{Heap after GC invocations=10 (full 0):
 garbage-first heap   total 93184K, used 21603K [0x0000000780000000, 0x0000000800000000)
  region size 1024K, 4 young (4096K), 4 survivors (4096K)
 Metaspace       used 40794K, committed 41344K, reserved 1114112K
  class space    used 5820K, committed 6080K, reserved 1048576K
}

